{"C:\\GoIT\\node\\nodejs-homework-rest-api-ua\\app.js": {"path":"C:\\GoIT\\node\\nodejs-homework-rest-api-ua\\app.js","statementMap":{"0":{"start":{"line":1,"column":16},"end":{"line":1,"column":34}},"1":{"start":{"line":2,"column":15},"end":{"line":2,"column":32}},"2":{"start":{"line":3,"column":13},"end":{"line":3,"column":28}},"3":{"start":{"line":4,"column":15},"end":{"line":4,"column":32}},"4":{"start":{"line":5,"column":18},"end":{"line":5,"column":47}},"5":{"start":{"line":6,"column":13},"end":{"line":6,"column":28}},"6":{"start":{"line":7,"column":23},"end":{"line":7,"column":53}},"7":{"start":{"line":8,"column":0},"end":{"line":8,"column":26}},"8":{"start":{"line":9,"column":24},"end":{"line":9,"column":51}},"9":{"start":{"line":11,"column":23},"end":{"line":11,"column":55}},"10":{"start":{"line":12,"column":20},"end":{"line":12,"column":49}},"11":{"start":{"line":14,"column":12},"end":{"line":14,"column":21}},"12":{"start":{"line":16,"column":22},"end":{"line":16,"column":72}},"13":{"start":{"line":18,"column":0},"end":{"line":18,"column":17}},"14":{"start":{"line":19,"column":0},"end":{"line":19,"column":62}},"15":{"start":{"line":20,"column":0},"end":{"line":20,"column":30}},"16":{"start":{"line":21,"column":0},"end":{"line":21,"column":15}},"17":{"start":{"line":22,"column":0},"end":{"line":22,"column":39}},"18":{"start":{"line":24,"column":0},"end":{"line":24,"column":39}},"19":{"start":{"line":26,"column":0},"end":{"line":26,"column":34}},"20":{"start":{"line":27,"column":0},"end":{"line":27,"column":40}},"21":{"start":{"line":29,"column":0},"end":{"line":31,"column":2}},"22":{"start":{"line":30,"column":2},"end":{"line":30,"column":76}},"23":{"start":{"line":33,"column":0},"end":{"line":40,"column":2}},"24":{"start":{"line":34,"column":17},"end":{"line":34,"column":34}},"25":{"start":{"line":35,"column":2},"end":{"line":39,"column":4}},"26":{"start":{"line":42,"column":0},"end":{"line":42,"column":20}}},"fnMap":{"0":{"name":"(anonymous_0)","decl":{"start":{"line":29,"column":8},"end":{"line":29,"column":9}},"loc":{"start":{"line":29,"column":22},"end":{"line":31,"column":1}},"line":29},"1":{"name":"(anonymous_1)","decl":{"start":{"line":33,"column":8},"end":{"line":33,"column":9}},"loc":{"start":{"line":33,"column":33},"end":{"line":40,"column":1}},"line":33}},"branchMap":{"0":{"loc":{"start":{"line":16,"column":22},"end":{"line":16,"column":72}},"type":"cond-expr","locations":[{"start":{"line":16,"column":57},"end":{"line":16,"column":62}},{"start":{"line":16,"column":65},"end":{"line":16,"column":72}}],"line":16},"1":{"loc":{"start":{"line":34,"column":17},"end":{"line":34,"column":34}},"type":"binary-expr","locations":[{"start":{"line":34,"column":17},"end":{"line":34,"column":27}},{"start":{"line":34,"column":31},"end":{"line":34,"column":34}}],"line":34},"2":{"loc":{"start":{"line":36,"column":12},"end":{"line":36,"column":45}},"type":"cond-expr","locations":[{"start":{"line":36,"column":29},"end":{"line":36,"column":35}},{"start":{"line":36,"column":38},"end":{"line":36,"column":45}}],"line":36}},"s":{"0":2,"1":2,"2":2,"3":2,"4":2,"5":2,"6":2,"7":2,"8":2,"9":2,"10":2,"11":2,"12":2,"13":2,"14":2,"15":2,"16":2,"17":2,"18":2,"19":2,"20":2,"21":2,"22":0,"23":2,"24":1,"25":1,"26":2},"f":{"0":0,"1":1},"b":{"0":[0,2],"1":[1,1],"2":[1,0]},"_coverageSchema":"1a1c01bbd47fc00a2c39e90264f33305004495a9","hash":"fe7e701a3cee818edef2ef12066844b5c9025c6d"}
,"C:\\GoIT\\node\\nodejs-homework-rest-api-ua\\controllers\\contacts.js": {"path":"C:\\GoIT\\node\\nodejs-homework-rest-api-ua\\controllers\\contacts.js","statementMap":{"0":{"start":{"line":1,"column":17},"end":{"line":1,"column":52}},"1":{"start":{"line":3,"column":15},"end":{"line":18,"column":1}},"2":{"start":{"line":4,"column":2},"end":{"line":17,"column":3}},"3":{"start":{"line":5,"column":19},"end":{"line":5,"column":30}},"4":{"start":{"line":6,"column":40},"end":{"line":9,"column":5}},"5":{"start":{"line":10,"column":4},"end":{"line":14,"column":6}},"6":{"start":{"line":16,"column":4},"end":{"line":16,"column":11}},"7":{"start":{"line":20,"column":16},"end":{"line":37,"column":1}},"8":{"start":{"line":21,"column":2},"end":{"line":36,"column":3}},"9":{"start":{"line":22,"column":19},"end":{"line":22,"column":30}},"10":{"start":{"line":23,"column":20},"end":{"line":23,"column":79}},"11":{"start":{"line":24,"column":4},"end":{"line":30,"column":5}},"12":{"start":{"line":25,"column":6},"end":{"line":29,"column":8}},"13":{"start":{"line":31,"column":4},"end":{"line":33,"column":65}},"14":{"start":{"line":35,"column":4},"end":{"line":35,"column":11}},"15":{"start":{"line":39,"column":15},"end":{"line":51,"column":1}},"16":{"start":{"line":40,"column":2},"end":{"line":50,"column":3}},"17":{"start":{"line":41,"column":19},"end":{"line":41,"column":30}},"18":{"start":{"line":42,"column":21},"end":{"line":42,"column":64}},"19":{"start":{"line":43,"column":4},"end":{"line":47,"column":6}},"20":{"start":{"line":49,"column":4},"end":{"line":49,"column":11}},"21":{"start":{"line":53,"column":15},"end":{"line":68,"column":1}},"22":{"start":{"line":54,"column":2},"end":{"line":67,"column":3}},"23":{"start":{"line":55,"column":19},"end":{"line":55,"column":30}},"24":{"start":{"line":56,"column":20},"end":{"line":56,"column":78}},"25":{"start":{"line":57,"column":4},"end":{"line":63,"column":5}},"26":{"start":{"line":58,"column":6},"end":{"line":62,"column":8}},"27":{"start":{"line":64,"column":4},"end":{"line":64,"column":73}},"28":{"start":{"line":66,"column":4},"end":{"line":66,"column":11}},"29":{"start":{"line":70,"column":15},"end":{"line":91,"column":1}},"30":{"start":{"line":71,"column":2},"end":{"line":90,"column":3}},"31":{"start":{"line":72,"column":19},"end":{"line":72,"column":30}},"32":{"start":{"line":73,"column":20},"end":{"line":77,"column":5}},"33":{"start":{"line":78,"column":4},"end":{"line":84,"column":5}},"34":{"start":{"line":79,"column":6},"end":{"line":83,"column":8}},"35":{"start":{"line":85,"column":4},"end":{"line":87,"column":65}},"36":{"start":{"line":89,"column":4},"end":{"line":89,"column":11}},"37":{"start":{"line":93,"column":0},"end":{"line":99,"column":1}}},"fnMap":{"0":{"name":"(anonymous_0)","decl":{"start":{"line":3,"column":15},"end":{"line":3,"column":16}},"loc":{"start":{"line":3,"column":41},"end":{"line":18,"column":1}},"line":3},"1":{"name":"(anonymous_1)","decl":{"start":{"line":20,"column":16},"end":{"line":20,"column":17}},"loc":{"start":{"line":20,"column":42},"end":{"line":37,"column":1}},"line":20},"2":{"name":"(anonymous_2)","decl":{"start":{"line":39,"column":15},"end":{"line":39,"column":16}},"loc":{"start":{"line":39,"column":41},"end":{"line":51,"column":1}},"line":39},"3":{"name":"(anonymous_3)","decl":{"start":{"line":53,"column":15},"end":{"line":53,"column":16}},"loc":{"start":{"line":53,"column":41},"end":{"line":68,"column":1}},"line":53},"4":{"name":"(anonymous_4)","decl":{"start":{"line":70,"column":15},"end":{"line":70,"column":16}},"loc":{"start":{"line":70,"column":41},"end":{"line":91,"column":1}},"line":70}},"branchMap":{"0":{"loc":{"start":{"line":24,"column":4},"end":{"line":30,"column":5}},"type":"if","locations":[{"start":{"line":24,"column":4},"end":{"line":30,"column":5}},{"start":{"line":24,"column":4},"end":{"line":30,"column":5}}],"line":24},"1":{"loc":{"start":{"line":57,"column":4},"end":{"line":63,"column":5}},"type":"if","locations":[{"start":{"line":57,"column":4},"end":{"line":63,"column":5}},{"start":{"line":57,"column":4},"end":{"line":63,"column":5}}],"line":57},"2":{"loc":{"start":{"line":78,"column":4},"end":{"line":84,"column":5}},"type":"if","locations":[{"start":{"line":78,"column":4},"end":{"line":84,"column":5}},{"start":{"line":78,"column":4},"end":{"line":84,"column":5}}],"line":78}},"s":{"0":3,"1":3,"2":1,"3":1,"4":1,"5":1,"6":0,"7":3,"8":2,"9":2,"10":2,"11":2,"12":1,"13":1,"14":0,"15":3,"16":1,"17":1,"18":1,"19":1,"20":0,"21":3,"22":0,"23":0,"24":0,"25":0,"26":0,"27":0,"28":0,"29":3,"30":3,"31":3,"32":3,"33":2,"34":1,"35":1,"36":1,"37":3},"f":{"0":1,"1":2,"2":1,"3":0,"4":3},"b":{"0":[1,1],"1":[0,0],"2":[1,1]},"_coverageSchema":"1a1c01bbd47fc00a2c39e90264f33305004495a9","hash":"940c3bc04dee89017cb8d18cff68738672b583d5"}
,"C:\\GoIT\\node\\nodejs-homework-rest-api-ua\\controllers\\users.js": {"path":"C:\\GoIT\\node\\nodejs-homework-rest-api-ua\\controllers\\users.js","statementMap":{"0":{"start":{"line":1,"column":14},"end":{"line":1,"column":46}},"1":{"start":{"line":2,"column":21},"end":{"line":2,"column":52}},"2":{"start":{"line":3,"column":12},"end":{"line":3,"column":35}},"3":{"start":{"line":4,"column":11},"end":{"line":4,"column":33}},"4":{"start":{"line":5,"column":13},"end":{"line":5,"column":28}},"5":{"start":{"line":7,"column":0},"end":{"line":7,"column":26}},"6":{"start":{"line":10,"column":22},"end":{"line":10,"column":57}},"7":{"start":{"line":12,"column":19},"end":{"line":12,"column":41}},"8":{"start":{"line":14,"column":17},"end":{"line":37,"column":1}},"9":{"start":{"line":15,"column":2},"end":{"line":36,"column":3}},"10":{"start":{"line":16,"column":17},"end":{"line":16,"column":56}},"11":{"start":{"line":18,"column":4},"end":{"line":24,"column":5}},"12":{"start":{"line":19,"column":6},"end":{"line":23,"column":8}},"13":{"start":{"line":26,"column":48},"end":{"line":26,"column":76}},"14":{"start":{"line":28,"column":4},"end":{"line":33,"column":6}},"15":{"start":{"line":35,"column":4},"end":{"line":35,"column":11}},"16":{"start":{"line":39,"column":14},"end":{"line":66,"column":1}},"17":{"start":{"line":40,"column":2},"end":{"line":65,"column":3}},"18":{"start":{"line":41,"column":17},"end":{"line":41,"column":56}},"19":{"start":{"line":42,"column":28},"end":{"line":42,"column":74}},"20":{"start":{"line":43,"column":4},"end":{"line":49,"column":5}},"21":{"start":{"line":44,"column":6},"end":{"line":48,"column":8}},"22":{"start":{"line":50,"column":15},"end":{"line":50,"column":22}},"23":{"start":{"line":51,"column":20},"end":{"line":51,"column":26}},"24":{"start":{"line":52,"column":18},"end":{"line":52,"column":68}},"25":{"start":{"line":53,"column":4},"end":{"line":53,"column":38}},"26":{"start":{"line":55,"column":36},"end":{"line":55,"column":40}},"27":{"start":{"line":57,"column":4},"end":{"line":62,"column":6}},"28":{"start":{"line":64,"column":4},"end":{"line":64,"column":11}},"29":{"start":{"line":68,"column":15},"end":{"line":76,"column":1}},"30":{"start":{"line":69,"column":2},"end":{"line":75,"column":3}},"31":{"start":{"line":70,"column":15},"end":{"line":70,"column":26}},"32":{"start":{"line":71,"column":4},"end":{"line":71,"column":37}},"33":{"start":{"line":72,"column":4},"end":{"line":72,"column":51}},"34":{"start":{"line":74,"column":4},"end":{"line":74,"column":11}},"35":{"start":{"line":78,"column":16},"end":{"line":98,"column":1}},"36":{"start":{"line":79,"column":2},"end":{"line":97,"column":3}},"37":{"start":{"line":80,"column":4},"end":{"line":86,"column":5}},"38":{"start":{"line":81,"column":6},"end":{"line":85,"column":8}},"39":{"start":{"line":88,"column":36},"end":{"line":88,"column":44}},"40":{"start":{"line":90,"column":4},"end":{"line":94,"column":6}},"41":{"start":{"line":96,"column":4},"end":{"line":96,"column":15}},"42":{"start":{"line":100,"column":27},"end":{"line":122,"column":1}},"43":{"start":{"line":101,"column":2},"end":{"line":121,"column":3}},"44":{"start":{"line":102,"column":15},"end":{"line":102,"column":26}},"45":{"start":{"line":103,"column":32},"end":{"line":103,"column":76}},"46":{"start":{"line":105,"column":4},"end":{"line":111,"column":5}},"47":{"start":{"line":106,"column":6},"end":{"line":110,"column":8}},"48":{"start":{"line":112,"column":36},"end":{"line":112,"column":55}},"49":{"start":{"line":113,"column":4},"end":{"line":118,"column":6}},"50":{"start":{"line":120,"column":4},"end":{"line":120,"column":15}},"51":{"start":{"line":148,"column":16},"end":{"line":168,"column":1}},"52":{"start":{"line":149,"column":2},"end":{"line":167,"column":3}},"53":{"start":{"line":150,"column":15},"end":{"line":150,"column":26}},"54":{"start":{"line":151,"column":20},"end":{"line":151,"column":39}},"55":{"start":{"line":152,"column":41},"end":{"line":155,"column":5}},"56":{"start":{"line":157,"column":4},"end":{"line":157,"column":34}},"57":{"start":{"line":159,"column":4},"end":{"line":159,"column":58}},"58":{"start":{"line":160,"column":4},"end":{"line":164,"column":6}},"59":{"start":{"line":166,"column":4},"end":{"line":166,"column":15}},"60":{"start":{"line":170,"column":0},"end":{"line":177,"column":1}}},"fnMap":{"0":{"name":"(anonymous_0)","decl":{"start":{"line":14,"column":17},"end":{"line":14,"column":18}},"loc":{"start":{"line":14,"column":43},"end":{"line":37,"column":1}},"line":14},"1":{"name":"(anonymous_1)","decl":{"start":{"line":39,"column":14},"end":{"line":39,"column":15}},"loc":{"start":{"line":39,"column":40},"end":{"line":66,"column":1}},"line":39},"2":{"name":"(anonymous_2)","decl":{"start":{"line":68,"column":15},"end":{"line":68,"column":16}},"loc":{"start":{"line":68,"column":41},"end":{"line":76,"column":1}},"line":68},"3":{"name":"(anonymous_3)","decl":{"start":{"line":78,"column":16},"end":{"line":78,"column":17}},"loc":{"start":{"line":78,"column":42},"end":{"line":98,"column":1}},"line":78},"4":{"name":"(anonymous_4)","decl":{"start":{"line":100,"column":27},"end":{"line":100,"column":28}},"loc":{"start":{"line":100,"column":53},"end":{"line":122,"column":1}},"line":100},"5":{"name":"(anonymous_5)","decl":{"start":{"line":148,"column":16},"end":{"line":148,"column":17}},"loc":{"start":{"line":148,"column":42},"end":{"line":168,"column":1}},"line":148}},"branchMap":{"0":{"loc":{"start":{"line":18,"column":4},"end":{"line":24,"column":5}},"type":"if","locations":[{"start":{"line":18,"column":4},"end":{"line":24,"column":5}},{"start":{"line":18,"column":4},"end":{"line":24,"column":5}}],"line":18},"1":{"loc":{"start":{"line":43,"column":4},"end":{"line":49,"column":5}},"type":"if","locations":[{"start":{"line":43,"column":4},"end":{"line":49,"column":5}},{"start":{"line":43,"column":4},"end":{"line":49,"column":5}}],"line":43},"2":{"loc":{"start":{"line":43,"column":8},"end":{"line":43,"column":33}},"type":"binary-expr","locations":[{"start":{"line":43,"column":8},"end":{"line":43,"column":13}},{"start":{"line":43,"column":17},"end":{"line":43,"column":33}}],"line":43},"3":{"loc":{"start":{"line":80,"column":4},"end":{"line":86,"column":5}},"type":"if","locations":[{"start":{"line":80,"column":4},"end":{"line":86,"column":5}},{"start":{"line":80,"column":4},"end":{"line":86,"column":5}}],"line":80},"4":{"loc":{"start":{"line":105,"column":4},"end":{"line":111,"column":5}},"type":"if","locations":[{"start":{"line":105,"column":4},"end":{"line":111,"column":5}},{"start":{"line":105,"column":4},"end":{"line":111,"column":5}}],"line":105}},"s":{"0":2,"1":2,"2":2,"3":2,"4":2,"5":2,"6":2,"7":2,"8":2,"9":2,"10":2,"11":2,"12":1,"13":1,"14":1,"15":0,"16":2,"17":1,"18":1,"19":1,"20":1,"21":0,"22":1,"23":1,"24":1,"25":1,"26":1,"27":1,"28":0,"29":2,"30":0,"31":0,"32":0,"33":0,"34":0,"35":2,"36":0,"37":0,"38":0,"39":0,"40":0,"41":0,"42":2,"43":0,"44":0,"45":0,"46":0,"47":0,"48":0,"49":0,"50":0,"51":2,"52":1,"53":1,"54":1,"55":1,"56":0,"57":0,"58":0,"59":1,"60":2},"f":{"0":2,"1":1,"2":0,"3":0,"4":0,"5":1},"b":{"0":[1,1],"1":[0,1],"2":[1,1],"3":[0,0],"4":[0,0]},"_coverageSchema":"1a1c01bbd47fc00a2c39e90264f33305004495a9","hash":"8cea6c22c6df4c044d72c12de82fdd160c4a1189"}
,"C:\\GoIT\\node\\nodejs-homework-rest-api-ua\\helpers\\constants.js": {"path":"C:\\GoIT\\node\\nodejs-homework-rest-api-ua\\helpers\\constants.js","statementMap":{"0":{"start":{"line":1,"column":18},"end":{"line":5,"column":1}},"1":{"start":{"line":7,"column":17},"end":{"line":18,"column":1}},"2":{"start":{"line":20,"column":19},"end":{"line":30,"column":1}},"3":{"start":{"line":24,"column":4},"end":{"line":28,"column":6}},"4":{"start":{"line":32,"column":0},"end":{"line":36,"column":1}}},"fnMap":{"0":{"name":"(anonymous_0)","decl":{"start":{"line":23,"column":11},"end":{"line":23,"column":12}},"loc":{"start":{"line":23,"column":31},"end":{"line":29,"column":3}},"line":23}},"branchMap":{},"s":{"0":3,"1":3,"2":3,"3":0,"4":3},"f":{"0":0},"b":{},"_coverageSchema":"1a1c01bbd47fc00a2c39e90264f33305004495a9","hash":"48f9fda76839178858f6dbaff0ce5f0214a0c9d8"}
,"C:\\GoIT\\node\\nodejs-homework-rest-api-ua\\helpers\\guard.js": {"path":"C:\\GoIT\\node\\nodejs-homework-rest-api-ua\\helpers\\guard.js","statementMap":{"0":{"start":{"line":1,"column":17},"end":{"line":1,"column":36}},"1":{"start":{"line":2,"column":46},"end":{"line":2,"column":69}},"2":{"start":{"line":3,"column":14},"end":{"line":3,"column":46}},"3":{"start":{"line":4,"column":21},"end":{"line":4,"column":43}},"4":{"start":{"line":5,"column":0},"end":{"line":5,"column":26}},"5":{"start":{"line":6,"column":19},"end":{"line":6,"column":41}},"6":{"start":{"line":8,"column":13},"end":{"line":8,"column":15}},"7":{"start":{"line":9,"column":0},"end":{"line":9,"column":62}},"8":{"start":{"line":10,"column":0},"end":{"line":10,"column":29}},"9":{"start":{"line":12,"column":0},"end":{"line":27,"column":1}},"10":{"start":{"line":14,"column":4},"end":{"line":25,"column":5}},"11":{"start":{"line":15,"column":19},"end":{"line":15,"column":51}},"12":{"start":{"line":16,"column":6},"end":{"line":18,"column":7}},"13":{"start":{"line":17,"column":8},"end":{"line":17,"column":37}},"14":{"start":{"line":19,"column":6},"end":{"line":21,"column":7}},"15":{"start":{"line":20,"column":8},"end":{"line":20,"column":32}},"16":{"start":{"line":22,"column":6},"end":{"line":22,"column":29}},"17":{"start":{"line":24,"column":6},"end":{"line":24,"column":31}},"18":{"start":{"line":29,"column":14},"end":{"line":47,"column":1}},"19":{"start":{"line":30,"column":2},"end":{"line":46,"column":20}},"20":{"start":{"line":31,"column":23},"end":{"line":31,"column":47}},"21":{"start":{"line":32,"column":16},"end":{"line":32,"column":20}},"22":{"start":{"line":33,"column":4},"end":{"line":35,"column":5}},"23":{"start":{"line":34,"column":6},"end":{"line":34,"column":38}},"24":{"start":{"line":36,"column":4},"end":{"line":42,"column":5}},"25":{"start":{"line":37,"column":6},"end":{"line":41,"column":8}},"26":{"start":{"line":44,"column":4},"end":{"line":44,"column":19}},"27":{"start":{"line":45,"column":4},"end":{"line":45,"column":17}},"28":{"start":{"line":48,"column":0},"end":{"line":48,"column":22}}},"fnMap":{"0":{"name":"(anonymous_0)","decl":{"start":{"line":13,"column":24},"end":{"line":13,"column":25}},"loc":{"start":{"line":13,"column":49},"end":{"line":26,"column":3}},"line":13},"1":{"name":"(anonymous_1)","decl":{"start":{"line":29,"column":14},"end":{"line":29,"column":15}},"loc":{"start":{"line":29,"column":34},"end":{"line":47,"column":1}},"line":29},"2":{"name":"(anonymous_2)","decl":{"start":{"line":30,"column":51},"end":{"line":30,"column":52}},"loc":{"start":{"line":30,"column":66},"end":{"line":46,"column":3}},"line":30}},"branchMap":{"0":{"loc":{"start":{"line":16,"column":6},"end":{"line":18,"column":7}},"type":"if","locations":[{"start":{"line":16,"column":6},"end":{"line":18,"column":7}},{"start":{"line":16,"column":6},"end":{"line":18,"column":7}}],"line":16},"1":{"loc":{"start":{"line":19,"column":6},"end":{"line":21,"column":7}},"type":"if","locations":[{"start":{"line":19,"column":6},"end":{"line":21,"column":7}},{"start":{"line":19,"column":6},"end":{"line":21,"column":7}}],"line":19},"2":{"loc":{"start":{"line":33,"column":4},"end":{"line":35,"column":5}},"type":"if","locations":[{"start":{"line":33,"column":4},"end":{"line":35,"column":5}},{"start":{"line":33,"column":4},"end":{"line":35,"column":5}}],"line":33},"3":{"loc":{"start":{"line":36,"column":4},"end":{"line":42,"column":5}},"type":"if","locations":[{"start":{"line":36,"column":4},"end":{"line":42,"column":5}},{"start":{"line":36,"column":4},"end":{"line":42,"column":5}}],"line":36},"4":{"loc":{"start":{"line":36,"column":8},"end":{"line":36,"column":45}},"type":"binary-expr","locations":[{"start":{"line":36,"column":8},"end":{"line":36,"column":11}},{"start":{"line":36,"column":15},"end":{"line":36,"column":20}},{"start":{"line":36,"column":24},"end":{"line":36,"column":45}}],"line":36}},"s":{"0":3,"1":3,"2":3,"3":3,"4":3,"5":3,"6":3,"7":3,"8":3,"9":3,"10":5,"11":5,"12":5,"13":0,"14":5,"15":0,"16":5,"17":0,"18":3,"19":8,"20":8,"21":8,"22":8,"23":8,"24":8,"25":1,"26":7,"27":7,"28":3},"f":{"0":5,"1":8,"2":8},"b":{"0":[0,5],"1":[0,5],"2":[8,0],"3":[1,7],"4":[8,8,7]},"_coverageSchema":"1a1c01bbd47fc00a2c39e90264f33305004495a9","hash":"ba32dcab6584376c4a0cc9249dd4f536e00fab49"}
,"C:\\GoIT\\node\\nodejs-homework-rest-api-ua\\helpers\\upload.js": {"path":"C:\\GoIT\\node\\nodejs-homework-rest-api-ua\\helpers\\upload.js","statementMap":{"0":{"start":{"line":1,"column":15},"end":{"line":1,"column":32}},"1":{"start":{"line":2,"column":13},"end":{"line":2,"column":28}},"2":{"start":{"line":4,"column":0},"end":{"line":4,"column":26}},"3":{"start":{"line":5,"column":19},"end":{"line":5,"column":41}},"4":{"start":{"line":7,"column":16},"end":{"line":14,"column":2}},"5":{"start":{"line":9,"column":4},"end":{"line":9,"column":24}},"6":{"start":{"line":12,"column":4},"end":{"line":12,"column":61}},"7":{"start":{"line":16,"column":15},"end":{"line":28,"column":2}},"8":{"start":{"line":20,"column":4},"end":{"line":23,"column":5}},"9":{"start":{"line":21,"column":6},"end":{"line":21,"column":20}},"10":{"start":{"line":22,"column":6},"end":{"line":22,"column":12}},"11":{"start":{"line":24,"column":18},"end":{"line":24,"column":59}},"12":{"start":{"line":25,"column":4},"end":{"line":25,"column":22}},"13":{"start":{"line":26,"column":4},"end":{"line":26,"column":13}},"14":{"start":{"line":30,"column":0},"end":{"line":30,"column":23}}},"fnMap":{"0":{"name":"(anonymous_0)","decl":{"start":{"line":8,"column":15},"end":{"line":8,"column":16}},"loc":{"start":{"line":8,"column":40},"end":{"line":10,"column":3}},"line":8},"1":{"name":"(anonymous_1)","decl":{"start":{"line":11,"column":12},"end":{"line":11,"column":13}},"loc":{"start":{"line":11,"column":37},"end":{"line":13,"column":3}},"line":11},"2":{"name":"(anonymous_2)","decl":{"start":{"line":19,"column":14},"end":{"line":19,"column":15}},"loc":{"start":{"line":19,"column":33},"end":{"line":27,"column":3}},"line":19}},"branchMap":{"0":{"loc":{"start":{"line":20,"column":4},"end":{"line":23,"column":5}},"type":"if","locations":[{"start":{"line":20,"column":4},"end":{"line":23,"column":5}},{"start":{"line":20,"column":4},"end":{"line":23,"column":5}}],"line":20}},"s":{"0":2,"1":2,"2":2,"3":2,"4":2,"5":0,"6":0,"7":2,"8":0,"9":0,"10":0,"11":0,"12":0,"13":0,"14":2},"f":{"0":0,"1":0,"2":0},"b":{"0":[0,0]},"_coverageSchema":"1a1c01bbd47fc00a2c39e90264f33305004495a9","hash":"06aacfb658383c77c0dde99b75414687095c6708"}
,"C:\\GoIT\\node\\nodejs-homework-rest-api-ua\\model\\contact.js": {"path":"C:\\GoIT\\node\\nodejs-homework-rest-api-ua\\model\\contact.js","statementMap":{"0":{"start":{"line":1,"column":39},"end":{"line":1,"column":58}},"1":{"start":{"line":2,"column":25},"end":{"line":2,"column":56}},"2":{"start":{"line":3,"column":22},"end":{"line":35,"column":1}},"3":{"start":{"line":30,"column":8},"end":{"line":30,"column":22}},"4":{"start":{"line":31,"column":8},"end":{"line":31,"column":18}},"5":{"start":{"line":36,"column":0},"end":{"line":36,"column":38}},"6":{"start":{"line":38,"column":16},"end":{"line":38,"column":47}},"7":{"start":{"line":40,"column":0},"end":{"line":40,"column":24}}},"fnMap":{"0":{"name":"(anonymous_0)","decl":{"start":{"line":29,"column":17},"end":{"line":29,"column":18}},"loc":{"start":{"line":29,"column":37},"end":{"line":32,"column":7}},"line":29}},"branchMap":{},"s":{"0":3,"1":3,"2":3,"3":2,"4":2,"5":3,"6":3,"7":3},"f":{"0":2},"b":{},"_coverageSchema":"1a1c01bbd47fc00a2c39e90264f33305004495a9","hash":"cff992657064b959d3d2b596b6e9b2f2c3e6b3de"}
,"C:\\GoIT\\node\\nodejs-homework-rest-api-ua\\model\\db.js": {"path":"C:\\GoIT\\node\\nodejs-homework-rest-api-ua\\model\\db.js","statementMap":{"0":{"start":{"line":1,"column":17},"end":{"line":1,"column":36}},"1":{"start":{"line":2,"column":0},"end":{"line":2,"column":26}},"2":{"start":{"line":3,"column":12},"end":{"line":3,"column":16}},"3":{"start":{"line":4,"column":0},"end":{"line":8,"column":1}},"4":{"start":{"line":5,"column":2},"end":{"line":5,"column":33}},"5":{"start":{"line":7,"column":2},"end":{"line":7,"column":28}},"6":{"start":{"line":10,"column":11},"end":{"line":15,"column":2}},"7":{"start":{"line":17,"column":0},"end":{"line":19,"column":2}},"8":{"start":{"line":18,"column":2},"end":{"line":18,"column":41}},"9":{"start":{"line":21,"column":0},"end":{"line":23,"column":2}},"10":{"start":{"line":22,"column":2},"end":{"line":22,"column":45}},"11":{"start":{"line":25,"column":0},"end":{"line":27,"column":2}},"12":{"start":{"line":26,"column":2},"end":{"line":26,"column":38}},"13":{"start":{"line":29,"column":0},"end":{"line":34,"column":2}},"14":{"start":{"line":30,"column":2},"end":{"line":33,"column":4}},"15":{"start":{"line":31,"column":4},"end":{"line":31,"column":46}},"16":{"start":{"line":32,"column":4},"end":{"line":32,"column":19}},"17":{"start":{"line":35,"column":0},"end":{"line":35,"column":19}}},"fnMap":{"0":{"name":"(anonymous_0)","decl":{"start":{"line":17,"column":36},"end":{"line":17,"column":37}},"loc":{"start":{"line":17,"column":42},"end":{"line":19,"column":1}},"line":17},"1":{"name":"(anonymous_1)","decl":{"start":{"line":21,"column":32},"end":{"line":21,"column":33}},"loc":{"start":{"line":21,"column":39},"end":{"line":23,"column":1}},"line":21},"2":{"name":"(anonymous_2)","decl":{"start":{"line":25,"column":39},"end":{"line":25,"column":40}},"loc":{"start":{"line":25,"column":46},"end":{"line":27,"column":1}},"line":25},"3":{"name":"(anonymous_3)","decl":{"start":{"line":29,"column":21},"end":{"line":29,"column":22}},"loc":{"start":{"line":29,"column":33},"end":{"line":34,"column":1}},"line":29},"4":{"name":"(anonymous_4)","decl":{"start":{"line":30,"column":28},"end":{"line":30,"column":29}},"loc":{"start":{"line":30,"column":34},"end":{"line":33,"column":3}},"line":30}},"branchMap":{"0":{"loc":{"start":{"line":4,"column":0},"end":{"line":8,"column":1}},"type":"if","locations":[{"start":{"line":4,"column":0},"end":{"line":8,"column":1}},{"start":{"line":4,"column":0},"end":{"line":8,"column":1}}],"line":4}},"s":{"0":2,"1":2,"2":2,"3":2,"4":2,"5":0,"6":2,"7":2,"8":2,"9":2,"10":0,"11":2,"12":2,"13":2,"14":0,"15":0,"16":0,"17":2},"f":{"0":2,"1":0,"2":2,"3":0,"4":0},"b":{"0":[2,0]},"_coverageSchema":"1a1c01bbd47fc00a2c39e90264f33305004495a9","hash":"c787aa836fae90d5a9f5deb12734d2a0790a6ee7"}
,"C:\\GoIT\\node\\nodejs-homework-rest-api-ua\\model\\user.js": {"path":"C:\\GoIT\\node\\nodejs-homework-rest-api-ua\\model\\user.js","statementMap":{"0":{"start":{"line":1,"column":26},"end":{"line":1,"column":45}},"1":{"start":{"line":2,"column":17},"end":{"line":2,"column":36}},"2":{"start":{"line":3,"column":22},"end":{"line":3,"column":53}},"3":{"start":{"line":4,"column":15},"end":{"line":4,"column":34}},"4":{"start":{"line":6,"column":25},"end":{"line":6,"column":26}},"5":{"start":{"line":8,"column":19},"end":{"line":40,"column":1}},"6":{"start":{"line":28,"column":8},"end":{"line":28,"column":59}},"7":{"start":{"line":41,"column":0},"end":{"line":47,"column":2}},"8":{"start":{"line":42,"column":2},"end":{"line":45,"column":3}},"9":{"start":{"line":43,"column":17},"end":{"line":43,"column":55}},"10":{"start":{"line":44,"column":4},"end":{"line":44,"column":58}},"11":{"start":{"line":46,"column":2},"end":{"line":46,"column":8}},"12":{"start":{"line":49,"column":0},"end":{"line":51,"column":1}},"13":{"start":{"line":50,"column":2},"end":{"line":50,"column":54}},"14":{"start":{"line":53,"column":13},"end":{"line":53,"column":38}},"15":{"start":{"line":55,"column":0},"end":{"line":55,"column":21}}},"fnMap":{"0":{"name":"(anonymous_0)","decl":{"start":{"line":27,"column":15},"end":{"line":27,"column":16}},"loc":{"start":{"line":27,"column":27},"end":{"line":29,"column":7}},"line":27},"1":{"name":"(anonymous_1)","decl":{"start":{"line":41,"column":23},"end":{"line":41,"column":24}},"loc":{"start":{"line":41,"column":45},"end":{"line":47,"column":1}},"line":41},"2":{"name":"(anonymous_2)","decl":{"start":{"line":49,"column":37},"end":{"line":49,"column":38}},"loc":{"start":{"line":49,"column":63},"end":{"line":51,"column":1}},"line":49}},"branchMap":{"0":{"loc":{"start":{"line":42,"column":2},"end":{"line":45,"column":3}},"type":"if","locations":[{"start":{"line":42,"column":2},"end":{"line":45,"column":3}},{"start":{"line":42,"column":2},"end":{"line":45,"column":3}}],"line":42}},"s":{"0":3,"1":3,"2":3,"3":3,"4":3,"5":3,"6":2,"7":3,"8":2,"9":2,"10":2,"11":2,"12":3,"13":1,"14":3,"15":3},"f":{"0":2,"1":2,"2":1},"b":{"0":[2,0]},"_coverageSchema":"1a1c01bbd47fc00a2c39e90264f33305004495a9","hash":"390e8a6fccbedc976b64c4fb9276e6cc4ccc7ce3"}
,"C:\\GoIT\\node\\nodejs-homework-rest-api-ua\\repositories\\contacts.js": {"path":"C:\\GoIT\\node\\nodejs-homework-rest-api-ua\\repositories\\contacts.js","statementMap":{"0":{"start":{"line":1,"column":16},"end":{"line":1,"column":43}},"1":{"start":{"line":3,"column":21},"end":{"line":34,"column":1}},"2":{"start":{"line":15,"column":6},"end":{"line":15,"column":11}},"3":{"start":{"line":16,"column":24},"end":{"line":16,"column":41}},"4":{"start":{"line":17,"column":2},"end":{"line":19,"column":3}},"5":{"start":{"line":18,"column":4},"end":{"line":18,"column":37}},"6":{"start":{"line":20,"column":18},"end":{"line":32,"column":4}},"7":{"start":{"line":33,"column":2},"end":{"line":33,"column":16}},"8":{"start":{"line":36,"column":23},"end":{"line":45,"column":1}},"9":{"start":{"line":37,"column":17},"end":{"line":43,"column":4}},"10":{"start":{"line":44,"column":2},"end":{"line":44,"column":15}},"11":{"start":{"line":47,"column":22},"end":{"line":53,"column":1}},"12":{"start":{"line":48,"column":17},"end":{"line":51,"column":4}},"13":{"start":{"line":52,"column":2},"end":{"line":52,"column":15}},"14":{"start":{"line":55,"column":19},"end":{"line":58,"column":1}},"15":{"start":{"line":56,"column":17},"end":{"line":56,"column":65}},"16":{"start":{"line":57,"column":2},"end":{"line":57,"column":15}},"17":{"start":{"line":60,"column":22},"end":{"line":67,"column":1}},"18":{"start":{"line":61,"column":17},"end":{"line":65,"column":3}},"19":{"start":{"line":66,"column":2},"end":{"line":66,"column":15}},"20":{"start":{"line":69,"column":0},"end":{"line":75,"column":1}}},"fnMap":{"0":{"name":"(anonymous_0)","decl":{"start":{"line":3,"column":21},"end":{"line":3,"column":22}},"loc":{"start":{"line":3,"column":46},"end":{"line":34,"column":1}},"line":3},"1":{"name":"(anonymous_1)","decl":{"start":{"line":36,"column":23},"end":{"line":36,"column":24}},"loc":{"start":{"line":36,"column":52},"end":{"line":45,"column":1}},"line":36},"2":{"name":"(anonymous_2)","decl":{"start":{"line":47,"column":22},"end":{"line":47,"column":23}},"loc":{"start":{"line":47,"column":51},"end":{"line":53,"column":1}},"line":47},"3":{"name":"(anonymous_3)","decl":{"start":{"line":55,"column":19},"end":{"line":55,"column":20}},"loc":{"start":{"line":55,"column":43},"end":{"line":58,"column":1}},"line":55},"4":{"name":"(anonymous_4)","decl":{"start":{"line":60,"column":22},"end":{"line":60,"column":23}},"loc":{"start":{"line":60,"column":57},"end":{"line":67,"column":1}},"line":60}},"branchMap":{"0":{"loc":{"start":{"line":12,"column":4},"end":{"line":12,"column":19}},"type":"default-arg","locations":[{"start":{"line":12,"column":15},"end":{"line":12,"column":19}}],"line":12},"1":{"loc":{"start":{"line":13,"column":4},"end":{"line":13,"column":13}},"type":"default-arg","locations":[{"start":{"line":13,"column":12},"end":{"line":13,"column":13}}],"line":13},"2":{"loc":{"start":{"line":14,"column":4},"end":{"line":14,"column":14}},"type":"default-arg","locations":[{"start":{"line":14,"column":13},"end":{"line":14,"column":14}}],"line":14},"3":{"loc":{"start":{"line":17,"column":2},"end":{"line":19,"column":3}},"type":"if","locations":[{"start":{"line":17,"column":2},"end":{"line":19,"column":3}},{"start":{"line":17,"column":2},"end":{"line":19,"column":3}}],"line":17},"4":{"loc":{"start":{"line":24,"column":10},"end":{"line":24,"column":44}},"type":"cond-expr","locations":[{"start":{"line":24,"column":19},"end":{"line":24,"column":39}},{"start":{"line":24,"column":42},"end":{"line":24,"column":44}}],"line":24},"5":{"loc":{"start":{"line":25,"column":10},"end":{"line":25,"column":53}},"type":"cond-expr","locations":[{"start":{"line":25,"column":23},"end":{"line":25,"column":48}},{"start":{"line":25,"column":51},"end":{"line":25,"column":53}}],"line":25},"6":{"loc":{"start":{"line":27,"column":12},"end":{"line":27,"column":53}},"type":"cond-expr","locations":[{"start":{"line":27,"column":21},"end":{"line":27,"column":48}},{"start":{"line":27,"column":51},"end":{"line":27,"column":53}}],"line":27}},"s":{"0":3,"1":3,"2":1,"3":1,"4":1,"5":0,"6":1,"7":1,"8":3,"9":2,"10":2,"11":3,"12":0,"13":0,"14":3,"15":1,"16":1,"17":3,"18":0,"19":0,"20":3},"f":{"0":1,"1":2,"2":0,"3":1,"4":0},"b":{"0":[1],"1":[1],"2":[1],"3":[0,1],"4":[0,1],"5":[0,1],"6":[0,1]},"_coverageSchema":"1a1c01bbd47fc00a2c39e90264f33305004495a9","hash":"6f43bd182cca538182e9474b8ba182cb445c8b15"}
,"C:\\GoIT\\node\\nodejs-homework-rest-api-ua\\repositories\\users.js": {"path":"C:\\GoIT\\node\\nodejs-homework-rest-api-ua\\repositories\\users.js","statementMap":{"0":{"start":{"line":1,"column":13},"end":{"line":1,"column":37}},"1":{"start":{"line":3,"column":17},"end":{"line":5,"column":1}},"2":{"start":{"line":4,"column":2},"end":{"line":4,"column":32}},"3":{"start":{"line":7,"column":20},"end":{"line":9,"column":1}},"4":{"start":{"line":8,"column":2},"end":{"line":8,"column":38}},"5":{"start":{"line":11,"column":15},"end":{"line":14,"column":1}},"6":{"start":{"line":12,"column":15},"end":{"line":12,"column":29}},"7":{"start":{"line":13,"column":2},"end":{"line":13,"column":26}},"8":{"start":{"line":16,"column":20},"end":{"line":18,"column":1}},"9":{"start":{"line":17,"column":2},"end":{"line":17,"column":53}},"10":{"start":{"line":19,"column":27},"end":{"line":21,"column":1}},"11":{"start":{"line":20,"column":2},"end":{"line":20,"column":78}},"12":{"start":{"line":22,"column":21},"end":{"line":24,"column":1}},"13":{"start":{"line":23,"column":2},"end":{"line":23,"column":69}},"14":{"start":{"line":26,"column":0},"end":{"line":33,"column":1}}},"fnMap":{"0":{"name":"(anonymous_0)","decl":{"start":{"line":3,"column":17},"end":{"line":3,"column":18}},"loc":{"start":{"line":3,"column":31},"end":{"line":5,"column":1}},"line":3},"1":{"name":"(anonymous_1)","decl":{"start":{"line":7,"column":20},"end":{"line":7,"column":21}},"loc":{"start":{"line":7,"column":37},"end":{"line":9,"column":1}},"line":7},"2":{"name":"(anonymous_2)","decl":{"start":{"line":11,"column":15},"end":{"line":11,"column":16}},"loc":{"start":{"line":11,"column":31},"end":{"line":14,"column":1}},"line":11},"3":{"name":"(anonymous_3)","decl":{"start":{"line":16,"column":20},"end":{"line":16,"column":21}},"loc":{"start":{"line":16,"column":41},"end":{"line":18,"column":1}},"line":16},"4":{"name":"(anonymous_4)","decl":{"start":{"line":19,"column":27},"end":{"line":19,"column":28}},"loc":{"start":{"line":19,"column":47},"end":{"line":21,"column":1}},"line":19},"5":{"name":"(anonymous_5)","decl":{"start":{"line":22,"column":21},"end":{"line":22,"column":22}},"loc":{"start":{"line":22,"column":65},"end":{"line":24,"column":1}},"line":22}},"branchMap":{"0":{"loc":{"start":{"line":22,"column":40},"end":{"line":22,"column":60}},"type":"default-arg","locations":[{"start":{"line":22,"column":56},"end":{"line":22,"column":60}}],"line":22}},"s":{"0":3,"1":3,"2":5,"3":3,"4":3,"5":3,"6":1,"7":1,"8":3,"9":2,"10":3,"11":0,"12":3,"13":0,"14":3},"f":{"0":5,"1":3,"2":1,"3":2,"4":0,"5":0},"b":{"0":[0]},"_coverageSchema":"1a1c01bbd47fc00a2c39e90264f33305004495a9","hash":"d7f087a21f515bc8e5594907789a3723fcf9b649"}
,"C:\\GoIT\\node\\nodejs-homework-rest-api-ua\\routes\\api\\contacts\\index.js": {"path":"C:\\GoIT\\node\\nodejs-homework-rest-api-ua\\routes\\api\\contacts\\index.js","statementMap":{"0":{"start":{"line":1,"column":16},"end":{"line":1,"column":34}},"1":{"start":{"line":2,"column":15},"end":{"line":2,"column":31}},"2":{"start":{"line":3,"column":13},"end":{"line":3,"column":53}},"3":{"start":{"line":4,"column":14},"end":{"line":4,"column":47}},"4":{"start":{"line":6,"column":17},"end":{"line":6,"column":36}},"5":{"start":{"line":13,"column":4},"end":{"line":13,"column":27}},"6":{"start":{"line":15,"column":0},"end":{"line":17,"column":2}},"7":{"start":{"line":16,"column":2},"end":{"line":16,"column":8}},"8":{"start":{"line":19,"column":0},"end":{"line":21,"column":57}},"9":{"start":{"line":23,"column":0},"end":{"line":32,"column":3}},"10":{"start":{"line":34,"column":0},"end":{"line":34,"column":80}},"11":{"start":{"line":36,"column":0},"end":{"line":36,"column":23}}},"fnMap":{"0":{"name":"(anonymous_0)","decl":{"start":{"line":15,"column":11},"end":{"line":15,"column":12}},"loc":{"start":{"line":15,"column":31},"end":{"line":17,"column":1}},"line":15}},"branchMap":{},"s":{"0":2,"1":2,"2":2,"3":2,"4":2,"5":2,"6":2,"7":4,"8":2,"9":2,"10":2,"11":2},"f":{"0":4},"b":{},"_coverageSchema":"1a1c01bbd47fc00a2c39e90264f33305004495a9","hash":"3532f04507d0289ac6b68e8b55fe26366cd33852"}
,"C:\\GoIT\\node\\nodejs-homework-rest-api-ua\\routes\\api\\contacts\\validation.js": {"path":"C:\\GoIT\\node\\nodejs-homework-rest-api-ua\\routes\\api\\contacts\\validation.js","statementMap":{"0":{"start":{"line":1,"column":12},"end":{"line":1,"column":26}},"1":{"start":{"line":2,"column":17},"end":{"line":2,"column":36}},"2":{"start":{"line":4,"column":28},"end":{"line":12,"column":2}},"3":{"start":{"line":14,"column":28},"end":{"line":24,"column":44}},"4":{"start":{"line":26,"column":29},"end":{"line":28,"column":2}},"5":{"start":{"line":30,"column":17},"end":{"line":40,"column":1}},"6":{"start":{"line":31,"column":2},"end":{"line":39,"column":3}},"7":{"start":{"line":32,"column":4},"end":{"line":32,"column":35}},"8":{"start":{"line":33,"column":4},"end":{"line":33,"column":10}},"9":{"start":{"line":35,"column":4},"end":{"line":38,"column":6}},"10":{"start":{"line":41,"column":0},"end":{"line":57,"column":1}},"11":{"start":{"line":43,"column":4},"end":{"line":43,"column":56}},"12":{"start":{"line":46,"column":4},"end":{"line":46,"column":56}},"13":{"start":{"line":49,"column":4},"end":{"line":49,"column":57}},"14":{"start":{"line":52,"column":4},"end":{"line":54,"column":5}},"15":{"start":{"line":53,"column":6},"end":{"line":53,"column":63}},"16":{"start":{"line":55,"column":4},"end":{"line":55,"column":10}}},"fnMap":{"0":{"name":"(anonymous_0)","decl":{"start":{"line":30,"column":17},"end":{"line":30,"column":18}},"loc":{"start":{"line":30,"column":46},"end":{"line":40,"column":1}},"line":30},"1":{"name":"(anonymous_1)","decl":{"start":{"line":42,"column":27},"end":{"line":42,"column":28}},"loc":{"start":{"line":42,"column":47},"end":{"line":44,"column":3}},"line":42},"2":{"name":"(anonymous_2)","decl":{"start":{"line":45,"column":27},"end":{"line":45,"column":28}},"loc":{"start":{"line":45,"column":47},"end":{"line":47,"column":3}},"line":45},"3":{"name":"(anonymous_3)","decl":{"start":{"line":48,"column":26},"end":{"line":48,"column":27}},"loc":{"start":{"line":48,"column":46},"end":{"line":50,"column":3}},"line":48},"4":{"name":"(anonymous_4)","decl":{"start":{"line":51,"column":19},"end":{"line":51,"column":20}},"loc":{"start":{"line":51,"column":39},"end":{"line":56,"column":3}},"line":51}},"branchMap":{"0":{"loc":{"start":{"line":52,"column":4},"end":{"line":54,"column":5}},"type":"if","locations":[{"start":{"line":52,"column":4},"end":{"line":54,"column":5}},{"start":{"line":52,"column":4},"end":{"line":54,"column":5}}],"line":52}},"s":{"0":2,"1":2,"2":2,"3":2,"4":2,"5":2,"6":1,"7":1,"8":1,"9":0,"10":2,"11":1,"12":0,"13":0,"14":2,"15":0,"16":2},"f":{"0":1,"1":1,"2":0,"3":0,"4":2},"b":{"0":[0,2]},"_coverageSchema":"1a1c01bbd47fc00a2c39e90264f33305004495a9","hash":"eee89b7e37f04c8291203fd1a966ee227ddbe298"}
,"C:\\GoIT\\node\\nodejs-homework-rest-api-ua\\routes\\api\\users\\index.js": {"path":"C:\\GoIT\\node\\nodejs-homework-rest-api-ua\\routes\\api\\users\\index.js","statementMap":{"0":{"start":{"line":1,"column":16},"end":{"line":1,"column":34}},"1":{"start":{"line":2,"column":15},"end":{"line":2,"column":31}},"2":{"start":{"line":3,"column":13},"end":{"line":3,"column":50}},"3":{"start":{"line":4,"column":14},"end":{"line":4,"column":47}},"4":{"start":{"line":5,"column":15},"end":{"line":5,"column":49}},"5":{"start":{"line":11,"column":4},"end":{"line":11,"column":27}},"6":{"start":{"line":13,"column":0},"end":{"line":13,"column":61}},"7":{"start":{"line":14,"column":0},"end":{"line":14,"column":52}},"8":{"start":{"line":15,"column":0},"end":{"line":15,"column":42}},"9":{"start":{"line":17,"column":0},"end":{"line":17,"column":43}},"10":{"start":{"line":18,"column":0},"end":{"line":18,"column":71}},"11":{"start":{"line":19,"column":0},"end":{"line":19,"column":70}},"12":{"start":{"line":21,"column":0},"end":{"line":21,"column":23}}},"fnMap":{},"branchMap":{},"s":{"0":2,"1":2,"2":2,"3":2,"4":2,"5":2,"6":2,"7":2,"8":2,"9":2,"10":2,"11":2,"12":2},"f":{},"b":{},"_coverageSchema":"1a1c01bbd47fc00a2c39e90264f33305004495a9","hash":"cc229efa87382966d7f31bf03fde8a3de49a7081"}
,"C:\\GoIT\\node\\nodejs-homework-rest-api-ua\\routes\\api\\users\\validation.js": {"path":"C:\\GoIT\\node\\nodejs-homework-rest-api-ua\\routes\\api\\users\\validation.js","statementMap":{"0":{"start":{"line":1,"column":12},"end":{"line":1,"column":26}},"1":{"start":{"line":2,"column":22},"end":{"line":2,"column":59}},"2":{"start":{"line":3,"column":28},"end":{"line":3,"column":52}},"3":{"start":{"line":5,"column":25},"end":{"line":14,"column":2}},"4":{"start":{"line":16,"column":24},"end":{"line":19,"column":2}},"5":{"start":{"line":21,"column":33},"end":{"line":25,"column":2}},"6":{"start":{"line":27,"column":17},"end":{"line":37,"column":1}},"7":{"start":{"line":28,"column":2},"end":{"line":36,"column":3}},"8":{"start":{"line":29,"column":4},"end":{"line":29,"column":35}},"9":{"start":{"line":30,"column":4},"end":{"line":30,"column":10}},"10":{"start":{"line":32,"column":4},"end":{"line":35,"column":6}},"11":{"start":{"line":38,"column":0},"end":{"line":49,"column":1}},"12":{"start":{"line":40,"column":4},"end":{"line":40,"column":53}},"13":{"start":{"line":44,"column":4},"end":{"line":44,"column":52}},"14":{"start":{"line":47,"column":4},"end":{"line":47,"column":61}}},"fnMap":{"0":{"name":"(anonymous_0)","decl":{"start":{"line":27,"column":17},"end":{"line":27,"column":18}},"loc":{"start":{"line":27,"column":46},"end":{"line":37,"column":1}},"line":27},"1":{"name":"(anonymous_1)","decl":{"start":{"line":39,"column":24},"end":{"line":39,"column":25}},"loc":{"start":{"line":39,"column":44},"end":{"line":41,"column":3}},"line":39},"2":{"name":"(anonymous_2)","decl":{"start":{"line":43,"column":21},"end":{"line":43,"column":22}},"loc":{"start":{"line":43,"column":41},"end":{"line":45,"column":3}},"line":43},"3":{"name":"(anonymous_3)","decl":{"start":{"line":46,"column":24},"end":{"line":46,"column":25}},"loc":{"start":{"line":46,"column":44},"end":{"line":48,"column":3}},"line":46}},"branchMap":{},"s":{"0":2,"1":2,"2":2,"3":2,"4":2,"5":2,"6":2,"7":3,"8":3,"9":3,"10":0,"11":2,"12":2,"13":1,"14":0},"f":{"0":3,"1":2,"2":1,"3":0},"b":{},"_coverageSchema":"1a1c01bbd47fc00a2c39e90264f33305004495a9","hash":"a02d7750ee071b7d3536588eab48966980ca196d"}
,"C:\\GoIT\\node\\nodejs-homework-rest-api-ua\\services\\cloud-upload.js": {"path":"C:\\GoIT\\node\\nodejs-homework-rest-api-ua\\services\\cloud-upload.js","statementMap":{"0":{"start":{"line":1,"column":19},"end":{"line":1,"column":43}},"1":{"start":{"line":2,"column":22},"end":{"line":2,"column":37}},"2":{"start":{"line":3,"column":0},"end":{"line":3,"column":26}},"3":{"start":{"line":5,"column":0},"end":{"line":9,"column":2}},"4":{"start":{"line":11,"column":20},"end":{"line":11,"column":57}},"5":{"start":{"line":16,"column":6},"end":{"line":20,"column":8}},"6":{"start":{"line":21,"column":4},"end":{"line":21,"column":39}},"7":{"start":{"line":25,"column":0},"end":{"line":25,"column":30}}},"fnMap":{"0":{"name":"(anonymous_0)","decl":{"start":{"line":14,"column":2},"end":{"line":14,"column":3}},"loc":{"start":{"line":14,"column":47},"end":{"line":22,"column":3}},"line":14}},"branchMap":{},"s":{"0":2,"1":2,"2":2,"3":2,"4":2,"5":0,"6":0,"7":2},"f":{"0":0},"b":{},"_coverageSchema":"1a1c01bbd47fc00a2c39e90264f33305004495a9","hash":"227794035ea1be6ee454f4160384491105e0b6e0"}
,"C:\\GoIT\\node\\nodejs-homework-rest-api-ua\\test\\data\\data.js": {"path":"C:\\GoIT\\node\\nodejs-homework-rest-api-ua\\test\\data\\data.js","statementMap":{"0":{"start":{"line":1,"column":19},"end":{"line":5,"column":1}},"1":{"start":{"line":7,"column":16},"end":{"line":11,"column":1}},"2":{"start":{"line":13,"column":20},"end":{"line":16,"column":1}},"3":{"start":{"line":18,"column":0},"end":{"line":22,"column":1}}},"fnMap":{},"branchMap":{},"s":{"0":2,"1":2,"2":2,"3":2},"f":{},"b":{},"_coverageSchema":"1a1c01bbd47fc00a2c39e90264f33305004495a9","hash":"7ab501767ef424d555b6e4ff157581a08d9f48c1"}
}
