TN:
SF:app.js
FN:29,(anonymous_0)
FN:33,(anonymous_1)
FNF:2
FNH:1
FNDA:0,(anonymous_0)
FNDA:1,(anonymous_1)
DA:1,2
DA:2,2
DA:3,2
DA:4,2
DA:5,2
DA:6,2
DA:7,2
DA:8,2
DA:9,2
DA:11,2
DA:12,2
DA:14,2
DA:16,2
DA:18,2
DA:19,2
DA:20,2
DA:21,2
DA:22,2
DA:24,2
DA:26,2
DA:27,2
DA:29,2
DA:30,0
DA:33,2
DA:34,1
DA:35,1
DA:42,2
LF:27
LH:26
BRDA:16,0,0,0
BRDA:16,0,1,2
BRDA:34,1,0,1
BRDA:34,1,1,1
BRDA:36,2,0,1
BRDA:36,2,1,0
BRF:6
BRH:4
end_of_record
TN:
SF:controllers\contacts.js
FN:3,(anonymous_0)
FN:20,(anonymous_1)
FN:39,(anonymous_2)
FN:53,(anonymous_3)
FN:70,(anonymous_4)
FNF:5
FNH:4
FNDA:1,(anonymous_0)
FNDA:2,(anonymous_1)
FNDA:1,(anonymous_2)
FNDA:0,(anonymous_3)
FNDA:3,(anonymous_4)
DA:1,3
DA:3,3
DA:4,1
DA:5,1
DA:6,1
DA:10,1
DA:16,0
DA:20,3
DA:21,2
DA:22,2
DA:23,2
DA:24,2
DA:25,1
DA:31,1
DA:35,0
DA:39,3
DA:40,1
DA:41,1
DA:42,1
DA:43,1
DA:49,0
DA:53,3
DA:54,0
DA:55,0
DA:56,0
DA:57,0
DA:58,0
DA:64,0
DA:66,0
DA:70,3
DA:71,3
DA:72,3
DA:73,3
DA:78,2
DA:79,1
DA:85,1
DA:89,1
DA:93,3
LF:38
LH:28
BRDA:24,0,0,1
BRDA:24,0,1,1
BRDA:57,1,0,0
BRDA:57,1,1,0
BRDA:78,2,0,1
BRDA:78,2,1,1
BRF:6
BRH:4
end_of_record
TN:
SF:controllers\users.js
FN:14,(anonymous_0)
FN:39,(anonymous_1)
FN:68,(anonymous_2)
FN:78,(anonymous_3)
FN:100,(anonymous_4)
FN:148,(anonymous_5)
FNF:6
FNH:3
FNDA:2,(anonymous_0)
FNDA:1,(anonymous_1)
FNDA:0,(anonymous_2)
FNDA:0,(anonymous_3)
FNDA:0,(anonymous_4)
FNDA:1,(anonymous_5)
DA:1,2
DA:2,2
DA:3,2
DA:4,2
DA:5,2
DA:7,2
DA:10,2
DA:12,2
DA:14,2
DA:15,2
DA:16,2
DA:18,2
DA:19,1
DA:26,1
DA:28,1
DA:35,0
DA:39,2
DA:40,1
DA:41,1
DA:42,1
DA:43,1
DA:44,0
DA:50,1
DA:51,1
DA:52,1
DA:53,1
DA:55,1
DA:57,1
DA:64,0
DA:68,2
DA:69,0
DA:70,0
DA:71,0
DA:72,0
DA:74,0
DA:78,2
DA:79,0
DA:80,0
DA:81,0
DA:88,0
DA:90,0
DA:96,0
DA:100,2
DA:101,0
DA:102,0
DA:103,0
DA:105,0
DA:106,0
DA:112,0
DA:113,0
DA:120,0
DA:148,2
DA:149,1
DA:150,1
DA:151,1
DA:152,1
DA:157,0
DA:159,0
DA:160,0
DA:166,1
DA:170,2
LF:61
LH:36
BRDA:18,0,0,1
BRDA:18,0,1,1
BRDA:43,1,0,0
BRDA:43,1,1,1
BRDA:43,2,0,1
BRDA:43,2,1,1
BRDA:80,3,0,0
BRDA:80,3,1,0
BRDA:105,4,0,0
BRDA:105,4,1,0
BRF:10
BRH:5
end_of_record
TN:
SF:helpers\constants.js
FN:23,(anonymous_0)
FNF:1
FNH:0
FNDA:0,(anonymous_0)
DA:1,3
DA:7,3
DA:20,3
DA:24,0
DA:32,3
LF:5
LH:4
BRF:0
BRH:0
end_of_record
TN:
SF:helpers\guard.js
FN:13,(anonymous_0)
FN:29,(anonymous_1)
FN:30,(anonymous_2)
FNF:3
FNH:3
FNDA:5,(anonymous_0)
FNDA:8,(anonymous_1)
FNDA:8,(anonymous_2)
DA:1,3
DA:2,3
DA:3,3
DA:4,3
DA:5,3
DA:6,3
DA:8,3
DA:9,3
DA:10,3
DA:12,3
DA:14,5
DA:15,5
DA:16,5
DA:17,0
DA:19,5
DA:20,0
DA:22,5
DA:24,0
DA:29,3
DA:30,8
DA:31,8
DA:32,8
DA:33,8
DA:34,8
DA:36,8
DA:37,1
DA:44,7
DA:45,7
DA:48,3
LF:29
LH:26
BRDA:16,0,0,0
BRDA:16,0,1,5
BRDA:19,1,0,0
BRDA:19,1,1,5
BRDA:33,2,0,8
BRDA:33,2,1,0
BRDA:36,3,0,1
BRDA:36,3,1,7
BRDA:36,4,0,8
BRDA:36,4,1,8
BRDA:36,4,2,7
BRF:11
BRH:8
end_of_record
TN:
SF:helpers\upload.js
FN:8,(anonymous_0)
FN:11,(anonymous_1)
FN:19,(anonymous_2)
FNF:3
FNH:0
FNDA:0,(anonymous_0)
FNDA:0,(anonymous_1)
FNDA:0,(anonymous_2)
DA:1,2
DA:2,2
DA:4,2
DA:5,2
DA:7,2
DA:9,0
DA:12,0
DA:16,2
DA:20,0
DA:21,0
DA:22,0
DA:24,0
DA:25,0
DA:26,0
DA:30,2
LF:15
LH:7
BRDA:20,0,0,0
BRDA:20,0,1,0
BRF:2
BRH:0
end_of_record
TN:
SF:model\contact.js
FN:29,(anonymous_0)
FNF:1
FNH:1
FNDA:2,(anonymous_0)
DA:1,3
DA:2,3
DA:3,3
DA:30,2
DA:31,2
DA:36,3
DA:38,3
DA:40,3
LF:8
LH:8
BRF:0
BRH:0
end_of_record
TN:
SF:model\db.js
FN:17,(anonymous_0)
FN:21,(anonymous_1)
FN:25,(anonymous_2)
FN:29,(anonymous_3)
FN:30,(anonymous_4)
FNF:5
FNH:2
FNDA:2,(anonymous_0)
FNDA:0,(anonymous_1)
FNDA:2,(anonymous_2)
FNDA:0,(anonymous_3)
FNDA:0,(anonymous_4)
DA:1,2
DA:2,2
DA:3,2
DA:4,2
DA:5,2
DA:7,0
DA:10,2
DA:17,2
DA:18,2
DA:21,2
DA:22,0
DA:25,2
DA:26,2
DA:29,2
DA:30,0
DA:31,0
DA:32,0
DA:35,2
LF:18
LH:13
BRDA:4,0,0,2
BRDA:4,0,1,0
BRF:2
BRH:1
end_of_record
TN:
SF:model\user.js
FN:27,(anonymous_0)
FN:41,(anonymous_1)
FN:49,(anonymous_2)
FNF:3
FNH:3
FNDA:2,(anonymous_0)
FNDA:2,(anonymous_1)
FNDA:1,(anonymous_2)
DA:1,3
DA:2,3
DA:3,3
DA:4,3
DA:6,3
DA:8,3
DA:28,2
DA:41,3
DA:42,2
DA:43,2
DA:44,2
DA:46,2
DA:49,3
DA:50,1
DA:53,3
DA:55,3
LF:16
LH:16
BRDA:42,0,0,2
BRDA:42,0,1,0
BRF:2
BRH:1
end_of_record
TN:
SF:repositories\contacts.js
FN:3,(anonymous_0)
FN:36,(anonymous_1)
FN:47,(anonymous_2)
FN:55,(anonymous_3)
FN:60,(anonymous_4)
FNF:5
FNH:3
FNDA:1,(anonymous_0)
FNDA:2,(anonymous_1)
FNDA:0,(anonymous_2)
FNDA:1,(anonymous_3)
FNDA:0,(anonymous_4)
DA:1,3
DA:3,3
DA:15,1
DA:16,1
DA:17,1
DA:18,0
DA:20,1
DA:33,1
DA:36,3
DA:37,2
DA:44,2
DA:47,3
DA:48,0
DA:52,0
DA:55,3
DA:56,1
DA:57,1
DA:60,3
DA:61,0
DA:66,0
DA:69,3
LF:21
LH:16
BRDA:12,0,0,1
BRDA:13,1,0,1
BRDA:14,2,0,1
BRDA:17,3,0,0
BRDA:17,3,1,1
BRDA:24,4,0,0
BRDA:24,4,1,1
BRDA:25,5,0,0
BRDA:25,5,1,1
BRDA:27,6,0,0
BRDA:27,6,1,1
BRF:11
BRH:7
end_of_record
TN:
SF:repositories\users.js
FN:3,(anonymous_0)
FN:7,(anonymous_1)
FN:11,(anonymous_2)
FN:16,(anonymous_3)
FN:19,(anonymous_4)
FN:22,(anonymous_5)
FNF:6
FNH:4
FNDA:5,(anonymous_0)
FNDA:3,(anonymous_1)
FNDA:1,(anonymous_2)
FNDA:2,(anonymous_3)
FNDA:0,(anonymous_4)
FNDA:0,(anonymous_5)
DA:1,3
DA:3,3
DA:4,5
DA:7,3
DA:8,3
DA:11,3
DA:12,1
DA:13,1
DA:16,3
DA:17,2
DA:19,3
DA:20,0
DA:22,3
DA:23,0
DA:26,3
LF:15
LH:13
BRDA:22,0,0,0
BRF:1
BRH:0
end_of_record
TN:
SF:routes\api\contacts\index.js
FN:15,(anonymous_0)
FNF:1
FNH:1
FNDA:4,(anonymous_0)
DA:1,2
DA:2,2
DA:3,2
DA:4,2
DA:6,2
DA:13,2
DA:15,2
DA:16,4
DA:19,2
DA:23,2
DA:34,2
DA:36,2
LF:12
LH:12
BRF:0
BRH:0
end_of_record
TN:
SF:routes\api\contacts\validation.js
FN:30,(anonymous_0)
FN:42,(anonymous_1)
FN:45,(anonymous_2)
FN:48,(anonymous_3)
FN:51,(anonymous_4)
FNF:5
FNH:3
FNDA:1,(anonymous_0)
FNDA:1,(anonymous_1)
FNDA:0,(anonymous_2)
FNDA:0,(anonymous_3)
FNDA:2,(anonymous_4)
DA:1,2
DA:2,2
DA:4,2
DA:14,2
DA:26,2
DA:30,2
DA:31,1
DA:32,1
DA:33,1
DA:35,0
DA:41,2
DA:43,1
DA:46,0
DA:49,0
DA:52,2
DA:53,0
DA:55,2
LF:17
LH:13
BRDA:52,0,0,0
BRDA:52,0,1,2
BRF:2
BRH:1
end_of_record
TN:
SF:routes\api\users\index.js
FNF:0
FNH:0
DA:1,2
DA:2,2
DA:3,2
DA:4,2
DA:5,2
DA:11,2
DA:13,2
DA:14,2
DA:15,2
DA:17,2
DA:18,2
DA:19,2
DA:21,2
LF:13
LH:13
BRF:0
BRH:0
end_of_record
TN:
SF:routes\api\users\validation.js
FN:27,(anonymous_0)
FN:39,(anonymous_1)
FN:43,(anonymous_2)
FN:46,(anonymous_3)
FNF:4
FNH:3
FNDA:3,(anonymous_0)
FNDA:2,(anonymous_1)
FNDA:1,(anonymous_2)
FNDA:0,(anonymous_3)
DA:1,2
DA:2,2
DA:3,2
DA:5,2
DA:16,2
DA:21,2
DA:27,2
DA:28,3
DA:29,3
DA:30,3
DA:32,0
DA:38,2
DA:40,2
DA:44,1
DA:47,0
LF:15
LH:13
BRF:0
BRH:0
end_of_record
TN:
SF:services\cloud-upload.js
FN:14,(anonymous_0)
FNF:1
FNH:0
FNDA:0,(anonymous_0)
DA:1,2
DA:2,2
DA:3,2
DA:5,2
DA:11,2
DA:16,0
DA:21,0
DA:25,2
LF:8
LH:6
BRF:0
BRH:0
end_of_record
TN:
SF:test\data\data.js
FNF:0
FNH:0
DA:1,2
DA:7,2
DA:13,2
DA:18,2
LF:4
LH:4
BRF:0
BRH:0
end_of_record
